mode: set
github.com/colonyos/colonies/pkg/database/memdb/distributed_velocity.go:62.90,63.19 1 0
github.com/colonyos/colonies/pkg/database/memdb/distributed_velocity.go:63.19,65.3 1 0
github.com/colonyos/colonies/pkg/database/memdb/distributed_velocity.go:68.2,68.25 1 0
github.com/colonyos/colonies/pkg/database/memdb/distributed_velocity.go:68.25,70.3 1 0
github.com/colonyos/colonies/pkg/database/memdb/distributed_velocity.go:71.2,71.27 1 0
github.com/colonyos/colonies/pkg/database/memdb/distributed_velocity.go:71.27,73.3 1 0
github.com/colonyos/colonies/pkg/database/memdb/distributed_velocity.go:74.2,74.38 1 0
github.com/colonyos/colonies/pkg/database/memdb/distributed_velocity.go:74.38,76.3 1 0
github.com/colonyos/colonies/pkg/database/memdb/distributed_velocity.go:77.2,77.32 1 0
github.com/colonyos/colonies/pkg/database/memdb/distributed_velocity.go:77.32,79.3 1 0
github.com/colonyos/colonies/pkg/database/memdb/distributed_velocity.go:82.2,89.16 3 0
github.com/colonyos/colonies/pkg/database/memdb/distributed_velocity.go:89.16,91.3 1 0
github.com/colonyos/colonies/pkg/database/memdb/distributed_velocity.go:94.2,108.16 4 0
github.com/colonyos/colonies/pkg/database/memdb/distributed_velocity.go:108.16,110.3 1 0
github.com/colonyos/colonies/pkg/database/memdb/distributed_velocity.go:113.2,123.16 3 0
github.com/colonyos/colonies/pkg/database/memdb/distributed_velocity.go:123.16,125.3 1 0
github.com/colonyos/colonies/pkg/database/memdb/distributed_velocity.go:127.2,137.36 2 0
github.com/colonyos/colonies/pkg/database/memdb/distributed_velocity.go:137.36,139.3 1 0
github.com/colonyos/colonies/pkg/database/memdb/distributed_velocity.go:141.2,141.17 1 0
github.com/colonyos/colonies/pkg/database/memdb/distributed_velocity.go:145.47,147.59 1 0
github.com/colonyos/colonies/pkg/database/memdb/distributed_velocity.go:147.59,149.3 1 0
github.com/colonyos/colonies/pkg/database/memdb/distributed_velocity.go:152.2,152.33 1 0
github.com/colonyos/colonies/pkg/database/memdb/distributed_velocity.go:152.33,155.17 3 0
github.com/colonyos/colonies/pkg/database/memdb/distributed_velocity.go:155.17,157.4 1 0
github.com/colonyos/colonies/pkg/database/memdb/distributed_velocity.go:161.2,161.24 1 0
github.com/colonyos/colonies/pkg/database/memdb/distributed_velocity.go:161.24,162.48 1 0
github.com/colonyos/colonies/pkg/database/memdb/distributed_velocity.go:162.48,164.4 1 0
github.com/colonyos/colonies/pkg/database/memdb/distributed_velocity.go:168.2,168.80 1 0
github.com/colonyos/colonies/pkg/database/memdb/distributed_velocity.go:168.80,170.3 1 0
github.com/colonyos/colonies/pkg/database/memdb/distributed_velocity.go:173.2,178.12 5 0
github.com/colonyos/colonies/pkg/database/memdb/distributed_velocity.go:182.75,183.9 1 0
github.com/colonyos/colonies/pkg/database/memdb/distributed_velocity.go:184.18,185.13 1 0
github.com/colonyos/colonies/pkg/database/memdb/distributed_velocity.go:186.29,187.68 1 0
github.com/colonyos/colonies/pkg/database/memdb/distributed_velocity.go:192.48,196.2 3 0
github.com/colonyos/colonies/pkg/database/memdb/distributed_velocity.go:199.49,201.2 1 0
github.com/colonyos/colonies/pkg/database/memdb/distributed_velocity.go:204.53,206.2 1 0
github.com/colonyos/colonies/pkg/database/memdb/distributed_velocity.go:209.78,211.2 1 0
github.com/colonyos/colonies/pkg/database/memdb/distributed_velocity.go:214.109,215.18 1 0
github.com/colonyos/colonies/pkg/database/memdb/distributed_velocity.go:215.18,217.3 1 0
github.com/colonyos/colonies/pkg/database/memdb/distributed_velocity.go:219.2,229.16 3 0
github.com/colonyos/colonies/pkg/database/memdb/distributed_velocity.go:229.16,231.3 1 0
github.com/colonyos/colonies/pkg/database/memdb/distributed_velocity.go:233.2,233.23 1 0
github.com/colonyos/colonies/pkg/database/memdb/distributed_velocity.go:233.23,235.3 1 0
github.com/colonyos/colonies/pkg/database/memdb/distributed_velocity.go:237.2,237.12 1 0
github.com/colonyos/colonies/pkg/database/memdb/distributed_velocity.go:241.115,244.2 1 0
github.com/colonyos/colonies/pkg/database/memdb/distributed_velocity.go:247.121,248.19 1 0
github.com/colonyos/colonies/pkg/database/memdb/distributed_velocity.go:248.19,250.3 1 0
github.com/colonyos/colonies/pkg/database/memdb/distributed_velocity.go:252.2,252.43 1 0
github.com/colonyos/colonies/pkg/database/memdb/distributed_velocity.go:256.149,257.18 1 0
github.com/colonyos/colonies/pkg/database/memdb/distributed_velocity.go:257.18,259.3 1 0
github.com/colonyos/colonies/pkg/database/memdb/distributed_velocity.go:261.2,271.16 3 0
github.com/colonyos/colonies/pkg/database/memdb/distributed_velocity.go:271.16,273.3 1 0
github.com/colonyos/colonies/pkg/database/memdb/distributed_velocity.go:275.2,275.23 1 0
github.com/colonyos/colonies/pkg/database/memdb/distributed_velocity.go:275.23,277.3 1 0
github.com/colonyos/colonies/pkg/database/memdb/distributed_velocity.go:280.2,280.43 1 0
github.com/colonyos/colonies/pkg/database/memdb/distributed_velocity.go:284.97,285.18 1 0
github.com/colonyos/colonies/pkg/database/memdb/distributed_velocity.go:285.18,287.3 1 0
github.com/colonyos/colonies/pkg/database/memdb/distributed_velocity.go:289.2,298.16 3 0
github.com/colonyos/colonies/pkg/database/memdb/distributed_velocity.go:298.16,300.3 1 0
github.com/colonyos/colonies/pkg/database/memdb/distributed_velocity.go:302.2,302.23 1 0
github.com/colonyos/colonies/pkg/database/memdb/distributed_velocity.go:302.23,304.3 1 0
github.com/colonyos/colonies/pkg/database/memdb/distributed_velocity.go:306.2,306.12 1 0
github.com/colonyos/colonies/pkg/database/memdb/distributed_velocity.go:310.141,311.18 1 0
github.com/colonyos/colonies/pkg/database/memdb/distributed_velocity.go:311.18,313.3 1 0
github.com/colonyos/colonies/pkg/database/memdb/distributed_velocity.go:315.2,316.32 2 0
github.com/colonyos/colonies/pkg/database/memdb/distributed_velocity.go:316.32,318.3 1 0
github.com/colonyos/colonies/pkg/database/memdb/distributed_velocity.go:320.2,321.9 2 0
github.com/colonyos/colonies/pkg/database/memdb/distributed_velocity.go:321.9,323.3 1 0
github.com/colonyos/colonies/pkg/database/memdb/distributed_velocity.go:325.2,336.16 3 0
github.com/colonyos/colonies/pkg/database/memdb/distributed_velocity.go:336.16,338.3 1 0
github.com/colonyos/colonies/pkg/database/memdb/distributed_velocity.go:340.2,344.8 1 0
github.com/colonyos/colonies/pkg/database/memdb/distributed_velocity.go:348.126,350.2 1 0
github.com/colonyos/colonies/pkg/database/memdb/distributed_velocity.go:353.92,355.2 1 0
github.com/colonyos/colonies/pkg/database/memdb/distributed_velocity.go:358.67,359.18 1 0
github.com/colonyos/colonies/pkg/database/memdb/distributed_velocity.go:359.18,361.3 1 0
github.com/colonyos/colonies/pkg/database/memdb/distributed_velocity.go:364.2,364.46 1 0
github.com/colonyos/colonies/pkg/database/memdb/distributed_velocity.go:364.46,366.3 1 0
github.com/colonyos/colonies/pkg/database/memdb/distributed_velocity.go:369.2,371.55 3 0
github.com/colonyos/colonies/pkg/database/memdb/distributed_velocity.go:371.55,373.3 1 0
github.com/colonyos/colonies/pkg/database/memdb/distributed_velocity.go:375.2,375.12 1 0
github.com/colonyos/colonies/pkg/database/memdb/distributed_velocity.go:379.73,391.33 10 0
github.com/colonyos/colonies/pkg/database/memdb/distributed_velocity.go:391.33,400.3 1 0
github.com/colonyos/colonies/pkg/database/memdb/distributed_velocity.go:401.2,403.13 2 0
github.com/colonyos/colonies/pkg/database/memdb/distributed_velocity.go:407.50,411.57 2 0
github.com/colonyos/colonies/pkg/database/memdb/distributed_velocity.go:411.57,413.3 1 0
github.com/colonyos/colonies/pkg/database/memdb/distributed_velocity.go:416.2,416.46 1 0
github.com/colonyos/colonies/pkg/database/memdb/distributed_velocity.go:416.46,418.3 1 0
github.com/colonyos/colonies/pkg/database/memdb/distributed_velocity.go:421.2,421.45 1 0
github.com/colonyos/colonies/pkg/database/memdb/distributed_velocity.go:421.45,423.3 1 0
github.com/colonyos/colonies/pkg/database/memdb/distributed_velocity.go:426.2,426.42 1 0
github.com/colonyos/colonies/pkg/database/memdb/distributed_velocity.go:426.42,428.3 1 0
github.com/colonyos/colonies/pkg/database/memdb/distributed_velocity.go:430.2,430.19 1 0
github.com/colonyos/colonies/pkg/database/memdb/distributed_velocity.go:430.19,432.3 1 0
github.com/colonyos/colonies/pkg/database/memdb/distributed_velocity.go:434.2,434.12 1 0
github.com/colonyos/colonies/pkg/database/memdb/distributed_velocity.go:439.121,445.2 2 0
github.com/colonyos/colonies/pkg/database/memdb/distributed_velocity.go:447.156,449.16 2 0
github.com/colonyos/colonies/pkg/database/memdb/distributed_velocity.go:449.16,451.3 1 0
github.com/colonyos/colonies/pkg/database/memdb/distributed_velocity.go:452.2,452.45 1 0
github.com/colonyos/colonies/pkg/database/memdb/distributed_velocity.go:455.91,457.2 1 0
github.com/colonyos/colonies/pkg/database/memdb/distributed_velocity.go:459.122,461.16 2 0
github.com/colonyos/colonies/pkg/database/memdb/distributed_velocity.go:461.16,463.3 1 0
github.com/colonyos/colonies/pkg/database/memdb/distributed_velocity.go:464.2,464.37 1 0
github.com/colonyos/colonies/pkg/database/memdb/distributed_velocity.go:467.179,475.16 3 0
github.com/colonyos/colonies/pkg/database/memdb/distributed_velocity.go:475.16,477.3 1 0
github.com/colonyos/colonies/pkg/database/memdb/distributed_velocity.go:479.2,480.9 2 0
github.com/colonyos/colonies/pkg/database/memdb/distributed_velocity.go:480.9,482.3 1 0
github.com/colonyos/colonies/pkg/database/memdb/distributed_velocity.go:484.2,484.56 1 0
github.com/colonyos/colonies/pkg/database/memdb/distributed_velocity.go:490.50,492.16 2 0
github.com/colonyos/colonies/pkg/database/memdb/distributed_velocity.go:492.16,494.3 1 0
github.com/colonyos/colonies/pkg/database/memdb/distributed_velocity.go:496.2,497.16 2 0
github.com/colonyos/colonies/pkg/database/memdb/distributed_velocity.go:497.16,499.3 1 0
github.com/colonyos/colonies/pkg/database/memdb/distributed_velocity.go:501.2,501.24 1 0
github.com/colonyos/colonies/pkg/database/memdb/types.go:18.43,19.11 1 0
github.com/colonyos/colonies/pkg/database/memdb/types.go:20.13,21.17 1 0
github.com/colonyos/colonies/pkg/database/memdb/types.go:22.16,23.20 1 0
github.com/colonyos/colonies/pkg/database/memdb/types.go:24.14,25.18 1 0
github.com/colonyos/colonies/pkg/database/memdb/types.go:26.14,27.18 1 0
github.com/colonyos/colonies/pkg/database/memdb/types.go:28.10,29.19 1 0
github.com/colonyos/colonies/pkg/database/memdb/types.go:43.38,44.11 1 0
github.com/colonyos/colonies/pkg/database/memdb/types.go:45.18,46.22 1 0
github.com/colonyos/colonies/pkg/database/memdb/types.go:47.19,48.23 1 0
github.com/colonyos/colonies/pkg/database/memdb/types.go:49.14,50.18 1 0
github.com/colonyos/colonies/pkg/database/memdb/types.go:51.18,52.22 1 0
github.com/colonyos/colonies/pkg/database/memdb/types.go:53.10,54.19 1 0
github.com/colonyos/colonies/pkg/database/memdb/velocitydb.go:54.65,55.19 1 1
github.com/colonyos/colonies/pkg/database/memdb/velocitydb.go:55.19,61.3 1 0
github.com/colonyos/colonies/pkg/database/memdb/velocitydb.go:63.2,64.21 2 1
github.com/colonyos/colonies/pkg/database/memdb/velocitydb.go:64.21,66.3 1 1
github.com/colonyos/colonies/pkg/database/memdb/velocitydb.go:66.8,68.3 1 1
github.com/colonyos/colonies/pkg/database/memdb/velocitydb.go:70.2,71.16 2 1
github.com/colonyos/colonies/pkg/database/memdb/velocitydb.go:71.16,73.3 1 0
github.com/colonyos/colonies/pkg/database/memdb/velocitydb.go:75.2,80.8 2 1
github.com/colonyos/colonies/pkg/database/memdb/velocitydb.go:84.98,88.18 3 1
github.com/colonyos/colonies/pkg/database/memdb/velocitydb.go:88.18,90.3 1 0
github.com/colonyos/colonies/pkg/database/memdb/velocitydb.go:92.2,98.16 6 1
github.com/colonyos/colonies/pkg/database/memdb/velocitydb.go:98.16,100.3 1 0
github.com/colonyos/colonies/pkg/database/memdb/velocitydb.go:102.2,102.48 1 1
github.com/colonyos/colonies/pkg/database/memdb/velocitydb.go:102.48,105.17 2 1
github.com/colonyos/colonies/pkg/database/memdb/velocitydb.go:105.17,107.4 1 1
github.com/colonyos/colonies/pkg/database/memdb/velocitydb.go:109.3,109.36 1 1
github.com/colonyos/colonies/pkg/database/memdb/velocitydb.go:112.2,112.16 1 1
github.com/colonyos/colonies/pkg/database/memdb/velocitydb.go:112.16,114.3 1 1
github.com/colonyos/colonies/pkg/database/memdb/velocitydb.go:117.2,118.12 2 1
github.com/colonyos/colonies/pkg/database/memdb/velocitydb.go:122.104,126.57 2 1
github.com/colonyos/colonies/pkg/database/memdb/velocitydb.go:126.57,128.54 2 1
github.com/colonyos/colonies/pkg/database/memdb/velocitydb.go:128.54,130.4 1 1
github.com/colonyos/colonies/pkg/database/memdb/velocitydb.go:134.2,135.47 2 1
github.com/colonyos/colonies/pkg/database/memdb/velocitydb.go:135.47,137.17 2 1
github.com/colonyos/colonies/pkg/database/memdb/velocitydb.go:137.17,139.4 1 1
github.com/colonyos/colonies/pkg/database/memdb/velocitydb.go:141.3,141.44 1 1
github.com/colonyos/colonies/pkg/database/memdb/velocitydb.go:141.44,143.4 1 1
github.com/colonyos/colonies/pkg/database/memdb/velocitydb.go:146.2,146.16 1 1
github.com/colonyos/colonies/pkg/database/memdb/velocitydb.go:146.16,147.35 1 1
github.com/colonyos/colonies/pkg/database/memdb/velocitydb.go:147.35,149.4 1 1
github.com/colonyos/colonies/pkg/database/memdb/velocitydb.go:150.3,150.18 1 0
github.com/colonyos/colonies/pkg/database/memdb/velocitydb.go:154.2,154.48 1 1
github.com/colonyos/colonies/pkg/database/memdb/velocitydb.go:154.48,156.3 1 1
github.com/colonyos/colonies/pkg/database/memdb/velocitydb.go:158.2,158.18 1 1
github.com/colonyos/colonies/pkg/database/memdb/velocitydb.go:162.138,169.49 5 1
github.com/colonyos/colonies/pkg/database/memdb/velocitydb.go:169.49,171.17 2 1
github.com/colonyos/colonies/pkg/database/memdb/velocitydb.go:171.17,173.4 1 1
github.com/colonyos/colonies/pkg/database/memdb/velocitydb.go:175.3,176.43 2 1
github.com/colonyos/colonies/pkg/database/memdb/velocitydb.go:176.43,178.4 1 1
github.com/colonyos/colonies/pkg/database/memdb/velocitydb.go:179.3,179.17 1 1
github.com/colonyos/colonies/pkg/database/memdb/velocitydb.go:179.17,181.4 1 0
github.com/colonyos/colonies/pkg/database/memdb/velocitydb.go:184.3,184.24 1 1
github.com/colonyos/colonies/pkg/database/memdb/velocitydb.go:184.24,186.4 1 0
github.com/colonyos/colonies/pkg/database/memdb/velocitydb.go:187.3,187.28 1 1
github.com/colonyos/colonies/pkg/database/memdb/velocitydb.go:187.28,189.4 1 1
github.com/colonyos/colonies/pkg/database/memdb/velocitydb.go:191.3,195.17 4 1
github.com/colonyos/colonies/pkg/database/memdb/velocitydb.go:195.17,197.4 1 0
github.com/colonyos/colonies/pkg/database/memdb/velocitydb.go:199.3,200.36 2 1
github.com/colonyos/colonies/pkg/database/memdb/velocitydb.go:203.2,203.16 1 1
github.com/colonyos/colonies/pkg/database/memdb/velocitydb.go:203.16,205.3 1 1
github.com/colonyos/colonies/pkg/database/memdb/velocitydb.go:208.2,208.55 1 1
github.com/colonyos/colonies/pkg/database/memdb/velocitydb.go:208.55,210.3 1 1
github.com/colonyos/colonies/pkg/database/memdb/velocitydb.go:212.2,212.24 1 1
github.com/colonyos/colonies/pkg/database/memdb/velocitydb.go:216.86,222.49 4 1
github.com/colonyos/colonies/pkg/database/memdb/velocitydb.go:222.49,224.17 2 1
github.com/colonyos/colonies/pkg/database/memdb/velocitydb.go:224.17,226.4 1 1
github.com/colonyos/colonies/pkg/database/memdb/velocitydb.go:227.3,227.33 1 1
github.com/colonyos/colonies/pkg/database/memdb/velocitydb.go:230.2,230.16 1 1
github.com/colonyos/colonies/pkg/database/memdb/velocitydb.go:230.16,232.3 1 1
github.com/colonyos/colonies/pkg/database/memdb/velocitydb.go:234.2,235.12 2 1
github.com/colonyos/colonies/pkg/database/memdb/velocitydb.go:239.115,243.47 3 1
github.com/colonyos/colonies/pkg/database/memdb/velocitydb.go:243.47,251.54 6 1
github.com/colonyos/colonies/pkg/database/memdb/velocitydb.go:251.54,253.47 2 1
github.com/colonyos/colonies/pkg/database/memdb/velocitydb.go:253.47,254.10 1 0
github.com/colonyos/colonies/pkg/database/memdb/velocitydb.go:257.4,257.24 1 1
github.com/colonyos/colonies/pkg/database/memdb/velocitydb.go:257.24,259.13 2 1
github.com/colonyos/colonies/pkg/database/memdb/velocitydb.go:262.4,262.35 1 1
github.com/colonyos/colonies/pkg/database/memdb/velocitydb.go:262.35,263.10 1 1
github.com/colonyos/colonies/pkg/database/memdb/velocitydb.go:266.4,267.50 2 1
github.com/colonyos/colonies/pkg/database/memdb/velocitydb.go:267.50,269.5 1 1
github.com/colonyos/colonies/pkg/database/memdb/velocitydb.go:270.4,270.18 1 1
github.com/colonyos/colonies/pkg/database/memdb/velocitydb.go:270.18,271.13 1 0
github.com/colonyos/colonies/pkg/database/memdb/velocitydb.go:274.4,275.11 2 1
github.com/colonyos/colonies/pkg/database/memdb/velocitydb.go:278.3,278.13 1 1
github.com/colonyos/colonies/pkg/database/memdb/velocitydb.go:281.2,281.23 1 1
github.com/colonyos/colonies/pkg/database/memdb/velocitydb.go:285.81,289.47 3 1
github.com/colonyos/colonies/pkg/database/memdb/velocitydb.go:289.47,295.54 5 1
github.com/colonyos/colonies/pkg/database/memdb/velocitydb.go:295.54,297.47 2 1
github.com/colonyos/colonies/pkg/database/memdb/velocitydb.go:297.47,298.10 1 0
github.com/colonyos/colonies/pkg/database/memdb/velocitydb.go:300.4,300.11 1 1
github.com/colonyos/colonies/pkg/database/memdb/velocitydb.go:303.3,303.13 1 1
github.com/colonyos/colonies/pkg/database/memdb/velocitydb.go:306.2,306.19 1 1
github.com/colonyos/colonies/pkg/database/memdb/velocitydb.go:310.130,317.49 5 1
github.com/colonyos/colonies/pkg/database/memdb/velocitydb.go:317.49,320.49 2 1
github.com/colonyos/colonies/pkg/database/memdb/velocitydb.go:320.49,322.4 1 0
github.com/colonyos/colonies/pkg/database/memdb/velocitydb.go:324.3,325.35 2 1
github.com/colonyos/colonies/pkg/database/memdb/velocitydb.go:325.35,327.44 2 1
github.com/colonyos/colonies/pkg/database/memdb/velocitydb.go:327.44,329.5 1 1
github.com/colonyos/colonies/pkg/database/memdb/velocitydb.go:330.4,330.18 1 1
github.com/colonyos/colonies/pkg/database/memdb/velocitydb.go:330.18,332.5 1 0
github.com/colonyos/colonies/pkg/database/memdb/velocitydb.go:336.3,337.24 2 1
github.com/colonyos/colonies/pkg/database/memdb/velocitydb.go:337.24,339.4 1 1
github.com/colonyos/colonies/pkg/database/memdb/velocitydb.go:341.3,341.49 1 1
github.com/colonyos/colonies/pkg/database/memdb/velocitydb.go:341.49,347.25 2 1
github.com/colonyos/colonies/pkg/database/memdb/velocitydb.go:347.25,349.5 1 1
github.com/colonyos/colonies/pkg/database/memdb/velocitydb.go:350.4,350.14 1 1
github.com/colonyos/colonies/pkg/database/memdb/velocitydb.go:354.3,355.10 2 1
github.com/colonyos/colonies/pkg/database/memdb/velocitydb.go:355.10,357.4 1 0
github.com/colonyos/colonies/pkg/database/memdb/velocitydb.go:359.3,365.24 2 1
github.com/colonyos/colonies/pkg/database/memdb/velocitydb.go:365.24,368.4 2 1
github.com/colonyos/colonies/pkg/database/memdb/velocitydb.go:368.9,370.4 1 1
github.com/colonyos/colonies/pkg/database/memdb/velocitydb.go:371.3,374.17 3 1
github.com/colonyos/colonies/pkg/database/memdb/velocitydb.go:374.17,376.4 1 0
github.com/colonyos/colonies/pkg/database/memdb/velocitydb.go:378.3,379.17 2 1
github.com/colonyos/colonies/pkg/database/memdb/velocitydb.go:379.17,381.4 1 0
github.com/colonyos/colonies/pkg/database/memdb/velocitydb.go:383.3,392.13 3 1
github.com/colonyos/colonies/pkg/database/memdb/velocitydb.go:395.2,395.16 1 1
github.com/colonyos/colonies/pkg/database/memdb/velocitydb.go:395.16,397.3 1 0
github.com/colonyos/colonies/pkg/database/memdb/velocitydb.go:399.2,399.20 1 1
github.com/colonyos/colonies/pkg/database/memdb/velocitydb.go:403.56,405.47 1 1
github.com/colonyos/colonies/pkg/database/memdb/velocitydb.go:405.47,407.3 1 1
github.com/colonyos/colonies/pkg/database/memdb/velocitydb.go:411.36,413.2 1 1
github.com/colonyos/colonies/pkg/database/memdb/velocitydb.go:416.56,418.2 1 1
github.com/colonyos/colonies/pkg/database/memdb/velocitydb.go:420.55,422.2 1 1
github.com/colonyos/colonies/pkg/database/memdb/velocitydb.go:424.69,425.38 1 1
github.com/colonyos/colonies/pkg/database/memdb/velocitydb.go:425.38,427.3 1 1
github.com/colonyos/colonies/pkg/database/memdb/velocitydb.go:428.2,428.38 1 1
github.com/colonyos/colonies/pkg/database/memdb/velocitydb.go:428.38,430.3 1 1
github.com/colonyos/colonies/pkg/database/memdb/velocitydb.go:433.2,435.51 3 1
